?: False
alsologtostderr: False
batch_size: 2
beta1: 0.9
betas_reg_wt: 100000.0
bgval: 1
border: 0
bottleneck_size: 16
cam_loss_wt: 10000.0
camera_ref: 2700.0
channels_per_group: 16
checkpoint_dir: /mnt/home.stud/rozumrus/smal/smalst/nnutils/../cachedir/snapshots
dataset: zebra
deform_reg_wt: 100.0
delta_v_loss_wt: 100000.0
depth_var: 2.0
display_freq: 100
display_id: 1
display_port: 8097
display_single_pane_ncols: 0
display_visuals: False
display_winsize: 256
do_validation: False
fix_trans: False
gpu_id: 0
grad_v_in_tex_loss: False
help: False
helpfull: False
helpshort: False
helpxml: False
ignore_pred_delta_v: False
image_file_string: *.png
img_size: 256
infer_vert2kp: False
is_optimization: False
is_refinement: False
is_train: True
is_var_opt: False
jitter_frac: 0.1
kp_2D_loss_wt: 10.0
kp_loss_wt: 10.0
learning_rate: 0.0001
log_dir: 
logger_levels: {}
logtostderr: False
mask_loss_wt: 30.0
mod_pose_loss_wt: 200000.0
mod_trans_loss_wt: 4000.0
model_dir: smalst/smpl_models/
model_name: my_smpl_00781_4_all.pkl
n_data_workers: 4
n_shape_feat: 40
name: smal_net_0
new_dataset_freq: 2
no_delta_v: False
norm_f: 2700.0
norm_f0: 2700.0
norm_z: 20.0
num_betas: 20
num_epochs: 40
num_images: 20000
num_iter: 0
num_kps: 28
num_pretrain_epochs: 0
num_train_epoch: 40
number_of_textures: 4
nz_feat: 16
occ_loss_wt: 100.0
occlusion_map_scale: 0.0625
online_training: False
only_check_args: False
only_mean_sym: True
padding_frac: 0.1
pdb: False
pdb_post_mortem: False
perturb_bbox: True
plot_scalars: False
pose_var: 1.0
preload_image: False
preload_mask: False
preload_texture_map: False
preload_uvflow: False
print_freq: 20
print_scalars: True
profile_file: None
projection_type: perspective
random_bkg: False
run_with_pdb: False
run_with_profiling: False
save_epoch_freq: 20
save_latest_freq: 10000
save_training: False
save_training_imgs: False
scale_bias: 1
showprefixforinfo: True
split: train
stderrthreshold: fatal
subdivide: 3
symmetric: False
symmetric_texture: False
tex_dt_loss_wt: 0.5
tex_loss_wt: 10.0
tex_map_loss_wt: 10.0
tex_size: 6
texture: False
texture_img_size: 256
texture_map: False
trans_ref: 19.0
triangle_reg_wt: 100.0
upconv_mode: bilinear
update_vis: True
use_bbox: True
use_camera: True
use_camera_loss: True
use_cprofile_for_profiling: True
use_deconv: False
use_delta_v: True
use_directional_light: True
use_double_input: False
use_gtbetas: False
use_gtcam: False
use_gtdeltav: False
use_gtmask_for_background: False
use_gtpose: False
use_gttexture: False
use_gttrans: False
use_img_as_background: False
use_keypoints: True
use_loss_on_whole_image: False
use_mask: True
use_norm_f_and_z: True
use_per_file_texmap: True
use_per_image_rgb_bg: False
use_perceptual_loss: True
use_pose_geodesic_loss: True
use_resnet50: True
use_sgd: False
use_shape_reg: False
use_smal_betas: False
use_smal_pose: True
use_sym_idx: True
use_tex_dt: True
uv_data_file: my_smpl_00781_4_all_template_w_tex_uv_001.pkl
uv_flow: False
uv_flow_loss_wt: 100000.0
v: 0
verbosity: 0
vert2kp_loss_wt: 0.16
white_balance_for_texture_map: False
x_var: 2.0
y_var: 1.0
zebra_cache_dir: /mnt/home.stud/rozumrus/smal/smalst/data/../cachedir/zebra
zebra_dir: smalst/zebra_training_set
